<?xml version="1.0" encoding="UTF-8"?>
<!-- Generated by org.testng.reporters.JUnitReportReporter -->
<testsuite hostname="LAPTOP-5DMPA42V" failures="0" tests="2" name="com.Admin.TS1" time="0.006" errors="0" timestamp="2023-09-29T11:59:01 IST" skipped="0">
  <testcase classname="com.Admin.TS1" name="TM" time="0.005"/>
  <system-out/>
  <testcase classname="com.Admin.TS1" name="TM1" time="0.001"/>
  <system-out/>
</testsuite> <!-- com.Admin.TS1 -->
